<?xml version="1.0" encoding="UTF-8"?>
<!-- Generated by org.testng.reporters.JUnitReportReporter -->
<testsuite hostname="LAPTOP-8D0MBPQA" failures="0" tests="4" name="testschecks.DataProviderTc" time="0.018" errors="0" timestamp="2024-05-10T12:14:08 IST" skipped="0">
  <testcase classname="testschecks.DataProviderTc" name="dataProviderTestCase" time="0.000"/>
  <testcase classname="testschecks.DataProviderTc" name="dataProviderTestCase" time="0.000"/>
  <testcase classname="testschecks.DataProviderTc" name="dataProviderTestCase" time="0.008"/>
  <testcase classname="testschecks.DataProviderTc" name="checkingTakingScreenshots" time="0.010"/>
</testsuite> <!-- testschecks.DataProviderTc -->
